<?xml version="1.0" encoding="UTF-8"?>
<!-- Generated by org.testng.reporters.JUnitReportReporter -->
<testsuite hostname="LAPTOP-QM44054G" failures="0" tests="1" name="LowesHomeDepot.LowesHomeDepotBuild.NewTest" time="9.363" errors="0" timestamp="10 May 2021 14:32:53 GMT">
  <testcase classname="LowesHomeDepot.LowesHomeDepotBuild.NewTest" name="openWalmart" time="9.363"/>
</testsuite> <!-- LowesHomeDepot.LowesHomeDepotBuild.NewTest -->
